1 175
1 130
1 183
1 132
1 165
1 149
1 2
1 274
1 278
1 173
1 211
1 169
1 52
1 151
1 77
1 247
1 9
1 153
1 257
1 84
1 123
1 189
1 208
1 49
2 194 110
2 69 234
1 94
2 178 180
1 293
2 240 54
1 272
1 135
1 233
2 37 75
2 186 290
3 270 267 63
2 1 179
3 46 232 58
2 143 249
4 229 261 299 72
2 206 87
1 256
3 231 32 210
2 97 273
3 279 200 162
3 30 21 116
3 251 39 41
3 262 198 148
3 228 19 36
4 215 281 99 296
3 120 241 127
3 252 226 168
2 126 74
3 47 102 62
3 288 193 294
3 100 170 15
4 66 197 166 213
3 154 91 159
5 17 22 163 284 275
6 176 268 222 146 220 216
3 43 224 33
5 192 86 158 44 13
3 297 295 218
4 71 254 277 203
4 142 82 171 34
3 59 188 95
4 67 202 60 164
4 182 114 263 285
4 145 298 174 259
6 280 90 61 40 18 221
3 104 243 8
4 152 239 187 260
6 115 93 76 117 185 108
4 55 283 11 161
5 250 147 191 207 150
4 266 6 258 133
5 78 269 236 129 136
4 12 3 214 85
5 51 235 140 128 107
4 289 48 113 134
5 106 177 79 246 167
4 141 209 125 0
5 242 157 57 286 103
3 196 89 156
4 155 190 217 227
5 265 195 122 244 88
6 238 138 23 14 225 4
4 292 131 68 212
5 35 101 204 24 7
5 255 5 25 121 184
5 31 118 201 111 80
6 264 16 109 26 29 144
5 45 124 70 253 271
5 248 205 73 245 65
8 199 98 42 64 172 230 38 276
4 223 119 50 137
5 20 181 160 53 96
5 139 291 81 10 282
5 219 287 237 28 105
5 112 83 27 56 92