3 0 1849 2427
10 1 453 754 815 982 1111 1416 1877 2238 2414
8 2 561 784 1138 1357 1478 2040 2266
8 3 613 935 1202 1333 1718 1929 2479
4 4 1661 1935 2451
8 5 986 1112 1423 1767 1786 2130 2226
3 6 2084 2358
8 7 892 957 1174 1336 1419 1483 1555
5 8 1438 1561 2012 2242
3 9 1382 1563
6 10 618 708 828 1934 2244
5 11 629 707 2140 2338
4 12 1341 2060 2423
6 13 1461 1656 1881 2017 2382
3 14 1295 1529
5 15 588 1194 2189 2220
6 16 1383 1630 1689 2048 2361
7 17 652 1299 1525 1916 2106 2277
6 18 1619 1823 1969 2363 2425
5 19 421 1595 1802 2194
5 20 1714 1837 2195 2457
7 21 606 644 1280 1602 1835 2392
7 22 663 768 1258 1508 1781 2258
9 23 1072 1122 1213 1496 1693 1967 2227 2485
6 24 405 779 811 1939 2360
4 25 869 1398 1562
5 26 721 1074 1753 2021
5 27 735 904 1089 1246
4 28 818 1945 2229
7 29 414 761 846 944 1533 2018
8 30 554 575 690 1815 2047 2260 2439
5 31 1463 1599 1888 2198
5 32 460 1180 1814 2215
7 33 1041 1255 1337 1472 1941 2204
6 34 842 854 1148 1611 1803
7 35 458 591 927 1458 1582 2031
4 36 1060 1709 2239
7 37 617 640 715 777 873 2462
4 38 934 993 1015
12 39 611 658 697 711 750 1157 1241 1454 1762 2029 2296
6 40 512 802 859 942 1027
5 41 431 1833 2169 2287
7 42 746 1346 1712 2072 2235 2342
4 43 851 871 1067
5 44 913 1498 1659 2154
6 45 932 1240 1462 1842 2471
6 46 486 1606 1892 2067 2112
5 47 446 1411 2069 2458
6 48 412 665 679 1902 2009
5 49 1147 1685 2224 2332
9 50 717 1069 1156 1388 1594 1896 1923 2353
5 51 1064 1856 2016 2459
9 52 549 725 1049 1268 1456 2073 2231 2448
3 53 710 2291
2 54 1143
12 55 402 628 1065 1179 1242 1361 1507 1513 2039 2218 2412
4 56 1345 1378 2295
3 57 452 1319
6 58 1199 1451 1627 1918 2488
4 59 1608 1757 2131
9 60 1076 1222 1307 1535 1841 1964 2276 2436
10 61 415 536 632 933 1129 1536 1868 2252 2290
8 62 969 1085 1309 1460 1629 1869 2202
10 63 833 916 1057 1144 1485 1698 1865 2129 2368
8 64 483 498 541 572 605 1226 2071
6 65 601 702 1663 2143 2321
4 66 485 571 1135
7 67 584 749 1620 1759 2164 2432
4 68 1028 1353 1399
2 69 437
6 70 1432 1732 2089 2352 2435
10 71 953 990 1163 1270 1317 1493 1692 1754 2075
6 72 651 1312 1488 1818 2282
4 73 1289 1734 2050
6 74 505 1045 1142 1421 2110
8 75 931 1078 1259 1426 1904 2245 2285
5 76 595 669 1748 1874
8 77 678 695 739 758 1872 2170 2257
8 78 765 1132 1444 1665 1887 2151 2410
6 79 1168 1285 1687 1845 2144
6 80 848 1021 1520 1764 2173
10 81 577 877 967 1200 1291 1380 1625 1976 2417
7 82 1482 1634 1994 2055 2228 2366
5 83 579 1996 2181 2419
8 84 403 528 946 1196 1230 1987 2374
5 85 477 508 547 773
5 86 1360 1519 1788 2147
4 87 1001 2081 2379
7 88 400 445 471 963 1006 2369
1 89
12 90 624 774 914 992 1124 1293 1792 1984 2020 2187 2339
6 91 491 1437 1601 1747 2124
7 92 467 823 908 1497 1551 1949
7 93 620 1201 1303 1628 1966 2182
7 94 798 1173 1283 1552 1720 1936
6 95 438 1822 1897 2079 2372
5 96 817 912 1024 1284
6 97 540 1473 1838 2095 2217
4 98 447 1895 2331
7 99 1153 1349 1518 1810 1846 2091
3 100 464 2388
6 101 1040 1481 1937 2253 2464
3 102 472 2007
8 103 692 730 843 955 1429 1558 2460
8 104 734 886 966 1358 1662 1722 2356
8 105 538 661 713 816 956 976 2453
12 106 519 529 545 803 891 1203 1355 1406 1653 1942 2297
4 107 1420 1567 1626
6 108 1264 1445 1579 1997 2212
10 109 420 917 958 1034 1306 1972 2044 2188 2326
2 110 835
2 111 1190
8 112 607 700 797 1609 1829 1986 2359
8 113 417 481 517 726 897 943 2482
7 114 814 936 1052 1795 2200 2478
10 115 500 870 1032 1075 1205 1342 1654 2082 2387
8 116 783 1404 1491 1523 1632 1724 2004
5 117 409 455 1926 2096
11 118 518 733 781 1008 1107 1209 1531 1768 2158 2284
9 119 435 489 515 804 1334 1549 1727 1922
5 120 502 537 778 1978
7 121 521 901 1453 1694 2011 2400
4 122 630 1245 1376
6 123 1035 1354 1715 2045 2167
8 124 764 1271 1393 1648 1863 2085 2278
11 125 743 918 1047 1227 1330 1446 1742 1999 2157 2323
5 126 622 770 1806 2256
11 127 487 896 920 1007 1277 1425 1575 1744 2175 2389
7 128 434 747 1273 1585 1830 2120
9 129 829 1090 1302 1468 1636 1930 2318 2407
5 130 531 548 1120 1545
3 131 1218 1381
9 132 853 902 1073 1278 1499 1765 2116 2452
9 133 596 634 909 970 1103 1198 1363 1751
12 134 741 799 1031 1121 1211 1379 1557 1589 1739 1951 2155
3 135 430 1880
4 136 1771 1979 2416
9 137 585 625 999 1137 1974 2086 2259 2486
5 138 550 654 994 2261
5 139 790 1668 1928 2156
5 140 1083 1247 2108 2196
7 141 504 1170 1262 1500 1705 2237
3 142 1900 2136
4 143 1165 1250 1339
5 144 1616 1834 1879 2319
7 145 1110 1219 1495 1775 2097 2383
6 146 484 684 910 1894 2371
9 147 520 950 1079 1164 1287 1651 2054 2346
9 148 1292 1440 1635 1774 1912 2141 2294 2446
5 149 667 1597 1808 2375
5 150 443 1673 1791 2088
8 151 589 880 1071 1288 1566 1813 2225
9 152 463 599 646 666 1696 1858 2255 2467
7 153 653 1086 1479 1805 2180 2472
4 154 752 1036 1192
4 155 867 1115 1855
8 156 533 608 662 1588 1853 2190 2301
6 157 408 785 1039 1150 2357
3 158 819 1022
7 159 488 1675 1850 1906 2168 2484
9 160 847 965 1141 1681 1793 2038 2118 2409
10 161 490 701 855 960 1119 1374 1512 1983 2445
3 162 796 1970
12 163 580 660 680 841 866 959 1126 1367 1750 1852 2134
11 164 482 509 627 682 864 1108 1434 1576 1772 2248
6 165 985 1221 1422 1938 2126
7 166 423 426 1188 1260 1539 1785
3 167 1020 2222
5 168 440 1591 1905 2270
8 169 466 1166 1366 1469 1570 1825 2070
2 170 1713
5 171 716 776 962 2302
10 172 450 895 991 1239 1464 1824 2080 2272 2394
9 173 709 775 865 952 1210 1903 1946 2306
7 174 1175 1296 1540 1729 1943 2209
9 175 506 539 975 1014 1650 1839 2152 2422
7 176 1311 1509 1598 1683 1932 2122
2 177 492
4 178 510 849 1000
10 179 907 997 1017 1080 1237 1414 1644 1756 2037
2 180 2373
4 181 2014 2267 2341
5 182 1084 1755 2223 2421
3 183 722 2269
8 184 704 755 1403 1477 1667 1807 1959
7 185 830 893 972 1077 1697 2128
8 186 687 1091 1176 1400 1840 1908 2271
10 187 407 1184 1266 1325 1505 1618 1867 2322 2454
7 188 1532 1572 1804 2046 2107 2466
7 189 543 681 1004 1151 1248 1344
8 190 422 527 698 845 1710 2006 2303
2 191 1023
5 192 888 1002 2390 2489
8 193 511 564 1223 1331 1471 1623 2057
8 194 670 720 794 2030 2205 2325 2406
8 195 742 971 1195 1691 1851 1977 2437
10 196 581 852 1081 1197 1256 1415 1703 2185 2275
5 197 1133 1412 1610 2236
9 198 827 945 1012 1043 1503 1641 1921 2316
12 199 439 470 941 1011 1096 1338 1489 1516 1649 1920 2184
10 200 433 736 863 949 1056 1350 1743 1907 2111
5 201 780 882 1304 2385
4 202 592 824 872
7 203 650 696 792 1396 1642 2249
4 204 1261 2101 2402
7 205 973 1145 1189 1356 1915 2288
8 206 425 594 915 1100 1249 1407 1569
5 207 919 1316 1779 2117
7 208 462 578 671 688 884 1159
6 209 448 479 1235 1397 1670
9 210 478 924 983 1050 1177 1537 1899 2345
5 211 503 899 1433 2192
9 212 444 552 574 1109 1220 1290 1864 2299
10 213 744 876 1053 1127 1257 1362 1637 1777 2211
7 214 674 759 1787 2109 2274 2449
3 215 557 2203
6 216 631 1279 1377 1857 2053
3 217 737 2191
1 218
8 219 416 1136 1169 1335 1510 2059 2349
6 220 844 1547 1958 2052 2483
6 221 1094 1369 1596 1763 2476
3 222 406 2061
13 223 821 857 889 1013 1182 1314 1457 1719 1828 1909 2183 2312
4 224 1794 2114 2344
8 225 473 791 1431 1826 1980 2138 2336
4 226 930 939 2473
5 227 756 1674 1885 2127
3 228 998 2206
7 229 1413 1643 1798 1876 2049 2487
4 230 570 981 1208
5 231 1607 1741 2010 2207
6 232 647 1095 1617 1766 2142
5 233 693 906 1925 2430
5 234 1375 1542 1962 2305
3 235 616 2099
7 236 1016 1390 1658 1831 2250 2413
10 237 929 1062 1154 1294 1441 1521 1702 2078 2442
5 238 664 1267 1559 2283
6 239 673 1172 1281 1486 1821
1 240
6 241 475 514 546 582 766
5 242 729 1679 2058 2216
6 243 748 937 1502 1633 2125
5 244 496 974 1068 1178
4 245 428 465 2230
5 246 1070 1171 1300 2480
3 247 2068 2232
5 248 436 1581 1723 1973
9 249 619 793 832 875 995 1517 1638 1844
4 250 757 1769 2133
4 251 1699 2193 2324
4 252 535 1933 2279
5 253 724 808 911 1410
9 254 516 610 668 925 1058 1274 1442 2123
11 255 600 979 1167 1328 1417 1522 1770 2077 2201 2438
10 256 655 703 903 1033 1297 1504 1730 1953 2177
5 257 745 928 1139 2298
5 258 1435 1799 1985 2262
7 259 1263 1371 1631 1657 1913 2234
7 260 672 714 809 850 1009 2481
8 261 689 712 1543 1731 1914 2286 2433
6 262 1059 1487 1758 2002 2377
3 263 1652 2313
7 264 1191 1622 1901 2090 2102 2405
6 265 1054 1161 1254 1960 2292
4 266 461 590 2162
9 267 459 560 567 623 1408 1746 2034 2380
9 268 419 451 988 1128 1372 1427 2199 2378
4 269 1093 1745 1998
4 270 926 1917 2165
5 271 427 1492 1862 2074
7 272 597 1243 1452 1560 2161 2381
8 273 401 1640 1884 2065 2105 2396 2463
4 274 635 1721 2280
6 275 573 1229 1592 1678 1817
5 276 676 898 1965 2171
8 277 429 1265 1370 1394 1686 1800 2015
5 278 648 1556 1827 2032
3 279 675 2115
5 280 566 1982 2304 2474
9 281 532 1162 1321 1613 1971 2024 2273 2443
4 282 641 2093 2420
7 283 657 801 858 1019 2043 2148
7 284 449 788 1359 2179 2281 2370
4 285 638 2241 2468
8 286 542 603 1117 1207 1955 2219 2465
5 287 856 1037 1811 2172
7 288 879 1530 1603 1820 2051 2310
6 289 1233 1365 1660 2094 2317
6 290 454 656 760 923 2340
3 291 951 1114
6 292 469 1578 1725 1891 2329
6 293 731 834 1318 2149 2264
9 294 524 645 727 984 1238 1428 1860 2348
6 295 1684 1809 2036 2391 2455
6 296 1324 1470 1550 1688 2000
7 297 413 1276 1387 1494 1600 1778
2 298 1736
7 299 1101 1125 1155 1327 1871 2243
4 300 501 626 2428
4 301 1347 1664 1947
5 302 1401 1538 2001 2343
6 303 410 1384 1645 2076 2251
4 304 621 961 1018
7 305 728 767 980 1790 2035 2166
3 306 1269 2132
5 307 1130 1282 1573 1956
9 308 1224 1352 1511 1680 1796 1859 2163 2426
7 309 787 1042 1286 1761 1924 2092
2 310 1140
6 311 456 643 805 2160 2333
8 312 1048 1099 1185 1322 1690 2008 2440
11 313 493 553 639 699 772 900 1480 1671 1927 2289
6 314 1225 1527 1590 1948 2456
3 315 432 1893
3 316 1439 2327
6 317 1364 1621 1783 2033 2311
4 318 468 1087 2098
5 319 559 636 838 978
4 320 685 1878 2367
4 321 1669 1812 2003
6 322 763 1587 1784 1931 2350
6 323 1063 1102 1424 1666 2240
4 324 1118 1866 2351
5 325 1605 1738 1854 2408
10 326 441 940 1232 1368 1593 1700 1989 2083 2444
3 327 1612 1789
3 328 424 2026
4 329 1760 2064 2386
8 330 474 530 555 1308 1528 1615 2119
4 331 795 1963 2178
7 332 457 507 587 1801 1981 2300
10 333 732 812 890 947 1113 1455 1583 1716 1882
5 334 840 1735 2042 2461
7 335 810 1466 1711 1816 2210 2246
5 336 948 1961 2307 2401
7 337 881 1152 1215 1386 1448 1695
5 338 614 769 789 1061
6 339 837 922 987 1134 2355
7 340 860 1231 1459 2146 2314 2404
9 341 1275 1329 1467 1614 1883 2103 2268 2429
5 342 563 1676 2424 2469
4 343 1782 1990 2347
2 344 820
3 345 1106 1212
7 346 887 1005 1214 1418 2087 2470
5 347 883 1030 1088 2362
6 348 495 782 839 964 1146
3 349 1206 2398
9 350 604 1098 1315 1501 1580 1726 1995 2399
3 351 1066 1105
10 352 523 576 738 894 1252 1548 1677 1993 2334
5 353 525 878 1003 2176
4 354 476 1847 2397
5 355 598 1624 1819 2265
5 356 659 723 1055 1992
9 357 615 649 694 813 1025 1204 2023 2197
9 358 836 989 1104 1217 1373 1490 1780 2254
8 359 825 977 1228 1574 1749 2104 2403
4 360 1577 1682 2335
3 361 719 2337
7 362 1046 1351 1553 1968 2145 2441
7 363 786 861 1234 1475 1737 2056
10 364 806 826 868 954 1029 1131 1604 1919 2415
7 365 562 1348 1409 1733 1889 2447
6 366 612 706 1193 1326 1706
7 367 996 1186 1568 1898 2005 2214
9 368 642 751 800 885 1216 1586 2213 2364
5 369 534 831 1944 2477
7 370 705 1323 1639 1890 2113 2221
6 371 1310 1514 1717 1910 2100
5 372 404 1082 2027 2395
7 373 938 1149 1484 1773 2150 2384
8 374 499 1038 1449 1554 1988 2137 2247
10 375 411 1305 1391 1447 1647 1728 1886 1975 2320
7 376 497 556 905 1183 1343 2450
10 377 551 968 1010 1160 1395 1544 1752 2022 2263
8 378 494 565 633 740 771 807 2308
6 379 586 637 1476 1704 1940
8 380 522 1301 1672 1950 2041 2153 2365
7 381 442 480 1251 1436 1707 2063
9 382 526 1092 1332 1474 1870 2013 2208 2354
6 383 1405 1565 1952 2062 2233
12 384 753 862 921 1123 1158 1272 1392 1571 1797 2139 2475
8 385 686 874 1044 1340 1443 1646 2434
6 386 677 691 762 1873 2121
7 387 544 602 1515 1836 2174 2393
9 388 568 683 718 822 1450 1524 1954 2309
6 389 1465 1506 1708 1957 2328
7 390 1236 1402 1430 1861 2135 2431
2 391 1546
4 392 1701 2019 2376
8 393 1026 1253 1526 1832 2028 2159 2330
8 394 418 1181 1389 1534 1655 1991 2411
9 395 583 609 1116 1187 1385 1848 2025 2418
9 396 513 569 1051 1320 1584 1740 1875 2315
8 397 558 1097 1244 1313 1541 1843 2186
2 398 1776
7 399 593 1298 1564 1911 2066 2293